0 info it worked if it ends with ok
1 verbose cli [ '/usr/local/bin/node', '/usr/local/bin/npm', 'start' ]
2 info using npm@3.10.10
3 info using node@v6.11.0
4 verbose run-script [ 'prestart', 'start', 'poststart' ]
5 info lifecycle node-books@0.0.0~prestart: node-books@0.0.0
6 silly lifecycle node-books@0.0.0~prestart: no script for prestart, continuing
7 info lifecycle node-books@0.0.0~start: node-books@0.0.0
8 verbose lifecycle node-books@0.0.0~start: unsafe-perm in lifecycle true
9 verbose lifecycle node-books@0.0.0~start: PATH: /usr/local/lib/node_modules/npm/bin/node-gyp-bin:/Users/zhongpeng.zhang/dev/angular4/node_books/node_modules/.bin:/Applications/Postgres.app/Contents/Versions/9.6/bin:/Users/zhongpeng.zhang/bin:/Users/zhongpeng.zhang/anaconda/bin:/usr/local/bin:/usr/bin:/bin:/usr/sbin:/sbin:/Users/zhongpeng.zhang/dev/android_sdk:/Users/zhongpeng.zhang/dev/android_sdk/tools:/Users/zhongpeng.zhang/dev/android_sdk/platform-tools:/Users/zhongpeng.zhang/dev/apache-maven-3.3.9/bin:/Users/zhongpeng.zhang/dev/sonarqube/sonarqube-6.2/bin:/Users/zhongpeng.zhang/dev/sonarqube/sonar-scanner-2.8/bin:/Users/zhongpeng.zhang/dev/spark-2.1.0-bin-hadoop2.7/bin:/Users/zhongpeng.zhang/dev/mongoDB/mongodb-osx-x86_64-3.4.2/bin:/usr/local/mysql/bin
10 verbose lifecycle node-books@0.0.0~start: CWD: /Users/zhongpeng.zhang/dev/angular4/node_books
11 silly lifecycle node-books@0.0.0~start: Args: [ '-c', 'node ./bin/www' ]
12 silly lifecycle node-books@0.0.0~start: Returned: code: 1  signal: null
13 info lifecycle node-books@0.0.0~start: Failed to exec start script
14 verbose stack Error: node-books@0.0.0 start: `node ./bin/www`
14 verbose stack Exit status 1
14 verbose stack     at EventEmitter.<anonymous> (/usr/local/lib/node_modules/npm/lib/utils/lifecycle.js:255:16)
14 verbose stack     at emitTwo (events.js:106:13)
14 verbose stack     at EventEmitter.emit (events.js:191:7)
14 verbose stack     at ChildProcess.<anonymous> (/usr/local/lib/node_modules/npm/lib/utils/spawn.js:40:14)
14 verbose stack     at emitTwo (events.js:106:13)
14 verbose stack     at ChildProcess.emit (events.js:191:7)
14 verbose stack     at maybeClose (internal/child_process.js:891:16)
14 verbose stack     at Process.ChildProcess._handle.onexit (internal/child_process.js:226:5)
15 verbose pkgid node-books@0.0.0
16 verbose cwd /Users/zhongpeng.zhang/dev/angular4/node_books
17 error Darwin 16.7.0
18 error argv "/usr/local/bin/node" "/usr/local/bin/npm" "start"
19 error node v6.11.0
20 error npm  v3.10.10
21 error code ELIFECYCLE
22 error node-books@0.0.0 start: `node ./bin/www`
22 error Exit status 1
23 error Failed at the node-books@0.0.0 start script 'node ./bin/www'.
23 error Make sure you have the latest version of node.js and npm installed.
23 error If you do, this is most likely a problem with the node-books package,
23 error not with npm itself.
23 error Tell the author that this fails on your system:
23 error     node ./bin/www
23 error You can get information on how to open an issue for this project with:
23 error     npm bugs node-books
23 error Or if that isn't available, you can get their info via:
23 error     npm owner ls node-books
23 error There is likely additional logging output above.
24 verbose exit [ 1, true ]
