六月 21, 2017 11:39:41 下午 org.apache.catalina.startup.VersionLoggerListener log
信息: Server version:        Apache Tomcat/7.0.78
六月 21, 2017 11:39:41 下午 org.apache.catalina.startup.VersionLoggerListener log
信息: Server built:          May 10 2017 15:02:19 UTC
六月 21, 2017 11:39:41 下午 org.apache.catalina.startup.VersionLoggerListener log
信息: Server number:         7.0.78.0
六月 21, 2017 11:39:41 下午 org.apache.catalina.startup.VersionLoggerListener log
信息: OS Name:               Mac OS X
六月 21, 2017 11:39:41 下午 org.apache.catalina.startup.VersionLoggerListener log
信息: OS Version:            10.12.5
六月 21, 2017 11:39:41 下午 org.apache.catalina.startup.VersionLoggerListener log
信息: Architecture:          x86_64
六月 21, 2017 11:39:41 下午 org.apache.catalina.startup.VersionLoggerListener log
信息: Java Home:             /Library/Java/JavaVirtualMachines/jdk1.8.0_131.jdk/Contents/Home/jre
六月 21, 2017 11:39:41 下午 org.apache.catalina.startup.VersionLoggerListener log
信息: JVM Version:           1.8.0_131-b11
六月 21, 2017 11:39:41 下午 org.apache.catalina.startup.VersionLoggerListener log
信息: JVM Vendor:            Oracle Corporation
六月 21, 2017 11:39:41 下午 org.apache.catalina.startup.VersionLoggerListener log
信息: CATALINA_BASE:         /Users/wangyue/Downloads/apache-tomcat-7.0.78
六月 21, 2017 11:39:41 下午 org.apache.catalina.startup.VersionLoggerListener log
信息: CATALINA_HOME:         /Users/wangyue/Downloads/apache-tomcat-7.0.78
六月 21, 2017 11:39:41 下午 org.apache.catalina.startup.VersionLoggerListener log
信息: Command line argument: -Djava.util.logging.config.file=/Users/wangyue/Downloads/apache-tomcat-7.0.78/conf/logging.properties
六月 21, 2017 11:39:41 下午 org.apache.catalina.startup.VersionLoggerListener log
信息: Command line argument: -Djava.util.logging.manager=org.apache.juli.ClassLoaderLogManager
六月 21, 2017 11:39:41 下午 org.apache.catalina.startup.VersionLoggerListener log
信息: Command line argument: -Djdk.tls.ephemeralDHKeySize=2048
六月 21, 2017 11:39:41 下午 org.apache.catalina.startup.VersionLoggerListener log
信息: Command line argument: -Djava.endorsed.dirs=/Users/wangyue/Downloads/apache-tomcat-7.0.78/endorsed
六月 21, 2017 11:39:41 下午 org.apache.catalina.startup.VersionLoggerListener log
信息: Command line argument: -Dcatalina.base=/Users/wangyue/Downloads/apache-tomcat-7.0.78
六月 21, 2017 11:39:41 下午 org.apache.catalina.startup.VersionLoggerListener log
信息: Command line argument: -Dcatalina.home=/Users/wangyue/Downloads/apache-tomcat-7.0.78
六月 21, 2017 11:39:41 下午 org.apache.catalina.startup.VersionLoggerListener log
信息: Command line argument: -Djava.io.tmpdir=/Users/wangyue/Downloads/apache-tomcat-7.0.78/temp
六月 21, 2017 11:39:41 下午 org.apache.catalina.core.AprLifecycleListener lifecycleEvent
信息: The APR based Apache Tomcat Native library which allows optimal performance in production environments was not found on the java.library.path: /Users/wangyue/Library/Java/Extensions:/Library/Java/Extensions:/Network/Library/Java/Extensions:/System/Library/Java/Extensions:/usr/lib/java:.
六月 21, 2017 11:39:42 下午 org.apache.coyote.AbstractProtocol init
信息: Initializing ProtocolHandler ["http-bio-8080"]
六月 21, 2017 11:39:42 下午 org.apache.coyote.AbstractProtocol init
信息: Initializing ProtocolHandler ["ajp-bio-8009"]
六月 21, 2017 11:39:42 下午 org.apache.catalina.startup.Catalina load
信息: Initialization processed in 715 ms
六月 21, 2017 11:39:42 下午 org.apache.catalina.core.StandardService startInternal
信息: Starting service Catalina
六月 21, 2017 11:39:42 下午 org.apache.catalina.core.StandardEngine startInternal
信息: Starting Servlet Engine: Apache Tomcat/7.0.78
六月 21, 2017 11:39:42 下午 org.apache.catalina.startup.HostConfig deployDirectory
信息: Deploying web application directory /Users/wangyue/Downloads/apache-tomcat-7.0.78/webapps/docs
六月 21, 2017 11:39:42 下午 org.apache.catalina.startup.HostConfig deployDirectory
信息: Deployment of web application directory /Users/wangyue/Downloads/apache-tomcat-7.0.78/webapps/docs has finished in 363 ms
六月 21, 2017 11:39:42 下午 org.apache.catalina.startup.HostConfig deployDirectory
信息: Deploying web application directory /Users/wangyue/Downloads/apache-tomcat-7.0.78/webapps/examples
六月 21, 2017 11:39:42 下午 org.apache.catalina.startup.HostConfig deployDirectory
信息: Deployment of web application directory /Users/wangyue/Downloads/apache-tomcat-7.0.78/webapps/examples has finished in 299 ms
六月 21, 2017 11:39:42 下午 org.apache.catalina.startup.HostConfig deployDirectory
信息: Deploying web application directory /Users/wangyue/Downloads/apache-tomcat-7.0.78/webapps/host-manager
六月 21, 2017 11:39:42 下午 org.apache.catalina.startup.HostConfig deployDirectory
信息: Deployment of web application directory /Users/wangyue/Downloads/apache-tomcat-7.0.78/webapps/host-manager has finished in 64 ms
六月 21, 2017 11:39:42 下午 org.apache.catalina.startup.HostConfig deployDirectory
信息: Deploying web application directory /Users/wangyue/Downloads/apache-tomcat-7.0.78/webapps/manager
六月 21, 2017 11:39:42 下午 org.apache.catalina.startup.HostConfig deployDirectory
信息: Deployment of web application directory /Users/wangyue/Downloads/apache-tomcat-7.0.78/webapps/manager has finished in 54 ms
六月 21, 2017 11:39:42 下午 org.apache.catalina.startup.HostConfig deployDirectory
信息: Deploying web application directory /Users/wangyue/Downloads/apache-tomcat-7.0.78/webapps/ROOT
六月 21, 2017 11:39:42 下午 org.apache.catalina.startup.HostConfig deployDirectory
信息: Deployment of web application directory /Users/wangyue/Downloads/apache-tomcat-7.0.78/webapps/ROOT has finished in 50 ms
六月 21, 2017 11:39:42 下午 org.apache.coyote.AbstractProtocol start
信息: Starting ProtocolHandler ["http-bio-8080"]
六月 21, 2017 11:39:43 下午 org.apache.coyote.AbstractProtocol start
信息: Starting ProtocolHandler ["ajp-bio-8009"]
六月 21, 2017 11:39:43 下午 org.apache.catalina.startup.Catalina start
信息: Server startup in 895 ms
六月 21, 2017 11:40:16 下午 org.apache.catalina.core.StandardServer await
信息: A valid shutdown command was received via the shutdown port. Stopping the Server instance.
六月 21, 2017 11:40:16 下午 org.apache.coyote.AbstractProtocol pause
信息: Pausing ProtocolHandler ["http-bio-8080"]
六月 21, 2017 11:40:16 下午 org.apache.coyote.AbstractProtocol pause
信息: Pausing ProtocolHandler ["ajp-bio-8009"]
六月 21, 2017 11:40:16 下午 org.apache.catalina.core.StandardService stopInternal
信息: Stopping service Catalina
六月 21, 2017 11:40:16 下午 org.apache.coyote.AbstractProtocol stop
信息: Stopping ProtocolHandler ["http-bio-8080"]
六月 21, 2017 11:40:16 下午 org.apache.coyote.AbstractProtocol stop
信息: Stopping ProtocolHandler ["ajp-bio-8009"]
六月 21, 2017 11:40:16 下午 org.apache.coyote.AbstractProtocol destroy
信息: Destroying ProtocolHandler ["http-bio-8080"]
六月 21, 2017 11:40:16 下午 org.apache.coyote.AbstractProtocol destroy
信息: Destroying ProtocolHandler ["ajp-bio-8009"]
